#
# There is insufficient memory for the Java Runtime Environment to continue.
# Native memory allocation (mmap) failed to map 17825792 bytes for G1 virtual space
# Possible reasons:
#   The system is out of physical RAM or swap space
#   The process is running with CompressedOops enabled, and the Java Heap may be blocking the growth of the native heap
# Possible solutions:
#   Reduce memory load on the system
#   Increase physical memory or swap space
#   Check if swap backing store is full
#   Decrease Java heap size (-Xmx/-Xms)
#   Decrease number of Java threads
#   Decrease Java thread stack sizes (-Xss)
#   Set larger code cache with -XX:ReservedCodeCacheSize=
#   JVM is running with Unscaled Compressed Oops mode in which the Java heap is
#     placed in the first 4GB address space. The Java Heap base address is the
#     maximum limit for the native heap growth. Please use -XX:HeapBaseMinAddress
#     to set the Java Heap base and to place the Java Heap above 4GB virtual address.
# This output file may be truncated or incomplete.
#
#  Out of Memory Error (os_windows.cpp:3548), pid=7176, tid=28696
#
# JRE version: Java(TM) SE Runtime Environment (17.0.11+7) (build 17.0.11+7-LTS-207)
# Java VM: Java HotSpot(TM) 64-Bit Server VM (17.0.11+7-LTS-207, mixed mode, sharing, tiered, compressed oops, compressed class ptrs, g1 gc, windows-amd64)
# No core dump will be written. Minidumps are not enabled by default on client versions of Windows
#

---------------  S U M M A R Y ------------

Command Line: -Dmaven.multiModuleProjectDirectory=C:\Users\HUAWEI\OneDrive\Entwicklung\Projekte\CT-Commons -Djansi.passthrough=true -Dmaven.home=C:\Program Files\JetBrains\IntelliJ IDEA 2023.2.2\plugins\maven\lib\maven3 -Dclassworlds.conf=C:\Program Files\JetBrains\IntelliJ IDEA 2023.2.2\plugins\maven\lib\maven3\bin\m2.conf -Dmaven.ext.class.path=C:\Program Files\JetBrains\IntelliJ IDEA 2023.2.2\plugins\maven\lib\maven-event-listener.jar -javaagent:C:\Program Files\JetBrains\IntelliJ IDEA 2023.2.2\lib\idea_rt.jar=4800:C:\Program Files\JetBrains\IntelliJ IDEA 2023.2.2\bin -Dfile.encoding=UTF-8 org.codehaus.classworlds.Launcher -Didea.version=2023.2.2 clean install

Host: 11th Gen Intel(R) Core(TM) i5-1155G7 @ 2.50GHz, 8 cores, 7G,  Windows 11 , 64 bit Build 22621 (10.0.22621.2506)
Time: Fri May 10 23:43:29 2024 Mitteleuropäische Sommerzeit elapsed time: 6.581833 seconds (0d 0h 0m 6s)

---------------  T H R E A D  ---------------

Current thread (0x0000023fa5997750):  VMThread "VM Thread" [stack: 0x0000008888700000,0x0000008888800000] [id=28696]

Stack: [0x0000008888700000,0x0000008888800000]
Native frames: (J=compiled Java code, j=interpreted, Vv=VM code, C=native code)
V  [jvm.dll+0x679cca]
V  [jvm.dll+0x7da13d]
V  [jvm.dll+0x7dba83]
V  [jvm.dll+0x7dc0f3]
V  [jvm.dll+0x2449af]
V  [jvm.dll+0x676ce9]
V  [jvm.dll+0x66b852]
V  [jvm.dll+0x3018d6]
V  [jvm.dll+0x308e76]
V  [jvm.dll+0x3596ee]
V  [jvm.dll+0x35991f]
V  [jvm.dll+0x2d89a8]
V  [jvm.dll+0x2d6ddd]
V  [jvm.dll+0x2d642c]
V  [jvm.dll+0x319f8b]
V  [jvm.dll+0x7e09eb]
V  [jvm.dll+0x7e1724]
V  [jvm.dll+0x7e1c3d]
V  [jvm.dll+0x7e2014]
V  [jvm.dll+0x7e20e0]
V  [jvm.dll+0x78a85a]
V  [jvm.dll+0x678bb5]
C  [ucrtbase.dll+0x29363]
C  [KERNEL32.DLL+0x1257d]
C  [ntdll.dll+0x5aa58]

VM_Operation (0x00000088881fab80): G1CollectForAllocation, mode: safepoint, requested by thread 0x0000023f87983650


---------------  P R O C E S S  ---------------

Threads class SMR info:
_java_thread_list=0x0000023febbe0640, length=14, elements={
0x0000023f87983650, 0x0000023fa599b100, 0x0000023fa599bcc0, 0x0000023fa59adbb0,
0x0000023fa59af580, 0x0000023fa59b1f50, 0x0000023fa59b2910, 0x0000023fa59b36b0,
0x0000023fa59c6010, 0x0000023fa59d2a50, 0x0000023fa5c13ad0, 0x0000023fa5ca7b40,
0x0000023fa5d007a0, 0x0000023feb1e8240
}

Java Threads: ( => current thread )
  0x0000023f87983650 JavaThread "main" [_thread_blocked, id=22760, stack(0x0000008888100000,0x0000008888200000)]
  0x0000023fa599b100 JavaThread "Reference Handler" daemon [_thread_blocked, id=332, stack(0x0000008888800000,0x0000008888900000)]
  0x0000023fa599bcc0 JavaThread "Finalizer" daemon [_thread_blocked, id=22300, stack(0x0000008888900000,0x0000008888a00000)]
  0x0000023fa59adbb0 JavaThread "Signal Dispatcher" daemon [_thread_blocked, id=21928, stack(0x0000008888a00000,0x0000008888b00000)]
  0x0000023fa59af580 JavaThread "Attach Listener" daemon [_thread_blocked, id=596, stack(0x0000008888b00000,0x0000008888c00000)]
  0x0000023fa59b1f50 JavaThread "Service Thread" daemon [_thread_blocked, id=11664, stack(0x0000008888c00000,0x0000008888d00000)]
  0x0000023fa59b2910 JavaThread "Monitor Deflation Thread" daemon [_thread_blocked, id=27608, stack(0x0000008888d00000,0x0000008888e00000)]
  0x0000023fa59b36b0 JavaThread "C2 CompilerThread0" daemon [_thread_in_native, id=5564, stack(0x0000008888e00000,0x0000008888f00000)]
  0x0000023fa59c6010 JavaThread "C1 CompilerThread0" daemon [_thread_blocked, id=14284, stack(0x0000008888f00000,0x0000008889000000)]
  0x0000023fa59d2a50 JavaThread "Sweeper thread" daemon [_thread_blocked, id=15672, stack(0x0000008889000000,0x0000008889100000)]
  0x0000023fa5c13ad0 JavaThread "Common-Cleaner" daemon [_thread_blocked, id=12232, stack(0x0000008889100000,0x0000008889200000)]
  0x0000023fa5ca7b40 JavaThread "Monitor Ctrl-Break" daemon [_thread_in_native, id=26160, stack(0x0000008889200000,0x0000008889300000)]
  0x0000023fa5d007a0 JavaThread "Notification Thread" daemon [_thread_blocked, id=26556, stack(0x0000008889300000,0x0000008889400000)]
  0x0000023feb1e8240 JavaThread "C2 CompilerThread1" daemon [_thread_blocked, id=15664, stack(0x0000008889500000,0x0000008889600000)]

Other Threads:
=>0x0000023fa5997750 VMThread "VM Thread" [stack: 0x0000008888700000,0x0000008888800000] [id=28696]
  0x0000023f87a10380 WatcherThread [stack: 0x0000008889400000,0x0000008889500000] [id=3888]
  0x0000023f879db180 GCTaskThread "GC Thread#0" [stack: 0x0000008888200000,0x0000008888300000] [id=7340]
  0x0000023feb7e4040 GCTaskThread "GC Thread#1" [stack: 0x0000008889700000,0x0000008889800000] [id=17660]
  0x0000023fa5e09c10 GCTaskThread "GC Thread#2" [stack: 0x0000008889800000,0x0000008889900000] [id=15600]
  0x0000023feb7e0b00 GCTaskThread "GC Thread#3" [stack: 0x0000008889900000,0x0000008889a00000] [id=6696]
  0x0000023feb839ee0 GCTaskThread "GC Thread#4" [stack: 0x0000008889a00000,0x0000008889b00000] [id=25964]
  0x0000023feb83a1a0 GCTaskThread "GC Thread#5" [stack: 0x0000008889b00000,0x0000008889c00000] [id=21692]
  0x0000023feb179890 GCTaskThread "GC Thread#6" [stack: 0x0000008889c00000,0x0000008889d00000] [id=19144]
  0x0000023feb179b50 GCTaskThread "GC Thread#7" [stack: 0x0000008889d00000,0x0000008889e00000] [id=18704]
  0x0000023f879eca20 ConcurrentGCThread "G1 Main Marker" [stack: 0x0000008888300000,0x0000008888400000] [id=9708]
  0x0000023f879ed430 ConcurrentGCThread "G1 Conc#0" [stack: 0x0000008888400000,0x0000008888500000] [id=28140]
  0x0000023febf3f080 ConcurrentGCThread "G1 Conc#1" [stack: 0x0000008889600000,0x0000008889700000] [id=18444]
  0x0000023fa58530d0 ConcurrentGCThread "G1 Refine#0" [stack: 0x0000008888500000,0x0000008888600000] [id=23928]
  0x0000023fa5853b00 ConcurrentGCThread "G1 Service" [stack: 0x0000008888600000,0x0000008888700000] [id=7828]

Threads with active compile tasks:
C2 CompilerThread0     6605 7247       4       com.sun.tools.javac.comp.Resolve::findInheritedMemberType (186 bytes)
C1 CompilerThread0     6605 7402   !   3       java.nio.file.Files::walkFileTree (297 bytes)
C2 CompilerThread1     6605 7401       4       java.util.HashMap::computeIfAbsent (330 bytes)

VM state: at safepoint (normal execution)

VM Mutex/Monitor currently owned by a thread:  ([mutex/lock_event])
[0x0000023f8797f9f0] Threads_lock - owner thread: 0x0000023fa5997750
[0x0000023f8797dc20] Heap_lock - owner thread: 0x0000023f87983650

Heap address: 0x0000000083600000, size: 1994 MB, Compressed Oops mode: 32-bit

CDS archive(s) mapped at: [0x0000023fa6000000-0x0000023fa6bd0000-0x0000023fa6bd0000), size 12386304, SharedBaseAddress: 0x0000023fa6000000, ArchiveRelocationMode: 1.
Compressed class space mapped at: 0x0000023fa7000000-0x0000023fe7000000, reserved size: 1073741824
Narrow klass base: 0x0000023fa6000000, Narrow klass shift: 0, Narrow klass range: 0x100000000

GC Precious Log:
 CPUs: 8 total, 8 available
 Memory: 7975M
 Large Page Support: Disabled
 NUMA Support: Disabled
 Compressed Oops: Enabled (32-bit)
 Heap Region Size: 1M
 Heap Min Capacity: 8M
 Heap Initial Capacity: 126M
 Heap Max Capacity: 1994M
 Pre-touch: Disabled
 Parallel Workers: 8
 Concurrent Workers: 2
 Concurrent Refinement Workers: 8
 Periodic GC: Disabled

Heap:
 garbage-first heap   total 134144K, used 42389K [0x0000000083600000, 0x0000000100000000)
  region size 1024K, 2 young (2048K), 2 survivors (2048K)
 Metaspace       used 29917K, committed 30272K, reserved 1114112K
  class space    used 3374K, committed 3520K, reserved 1048576K

Heap Regions: E=young(eden), S=young(survivor), O=old, HS=humongous(starts), HC=humongous(continues), CS=collection set, F=free, OA=open archive, CA=closed archive, TAMS=top-at-mark-start (previous, next)
|   0|0x0000000083600000, 0x0000000083700000, 0x0000000083700000|100%| O|  |TAMS 0x0000000083700000, 0x0000000083700000| Untracked 
|   1|0x0000000083700000, 0x0000000083800000, 0x0000000083800000|100%| O|  |TAMS 0x0000000083800000, 0x0000000083800000| Untracked 
|   2|0x0000000083800000, 0x0000000083900000, 0x0000000083900000|100%| O|  |TAMS 0x0000000083900000, 0x0000000083900000| Untracked 
|   3|0x0000000083900000, 0x0000000083a00000, 0x0000000083a00000|100%| O|  |TAMS 0x0000000083a00000, 0x0000000083a00000| Untracked 
|   4|0x0000000083a00000, 0x0000000083b00000, 0x0000000083b00000|100%| O|  |TAMS 0x0000000083b00000, 0x0000000083b00000| Untracked 
|   5|0x0000000083b00000, 0x0000000083c00000, 0x0000000083c00000|100%| O|  |TAMS 0x0000000083c00000, 0x0000000083c00000| Untracked 
|   6|0x0000000083c00000, 0x0000000083d00000, 0x0000000083d00000|100%| O|  |TAMS 0x0000000083d00000, 0x0000000083d00000| Untracked 
|   7|0x0000000083d00000, 0x0000000083e00000, 0x0000000083e00000|100%| O|  |TAMS 0x0000000083e00000, 0x0000000083e00000| Untracked 
|   8|0x0000000083e00000, 0x0000000083f00000, 0x0000000083f00000|100%| O|  |TAMS 0x0000000083f00000, 0x0000000083f00000| Untracked 
|   9|0x0000000083f00000, 0x0000000084000000, 0x0000000084000000|100%| O|  |TAMS 0x0000000084000000, 0x0000000084000000| Untracked 
|  10|0x0000000084000000, 0x0000000084100000, 0x0000000084100000|100%| O|  |TAMS 0x0000000084100000, 0x0000000084100000| Untracked 
|  11|0x0000000084100000, 0x0000000084200000, 0x0000000084200000|100%|HS|  |TAMS 0x0000000084200000, 0x0000000084200000| Complete 
|  12|0x0000000084200000, 0x0000000084300000, 0x0000000084300000|100%|HC|  |TAMS 0x0000000084300000, 0x0000000084300000| Complete 
|  13|0x0000000084300000, 0x0000000084400000, 0x0000000084400000|100%|HS|  |TAMS 0x0000000084400000, 0x0000000084400000| Complete 
|  14|0x0000000084400000, 0x0000000084500000, 0x0000000084500000|100%|HC|  |TAMS 0x0000000084500000, 0x0000000084500000| Complete 
|  15|0x0000000084500000, 0x0000000084600000, 0x0000000084600000|100%| O|  |TAMS 0x0000000084600000, 0x0000000084600000| Untracked 
|  16|0x0000000084600000, 0x0000000084700000, 0x0000000084700000|100%| O|  |TAMS 0x0000000084700000, 0x0000000084700000| Untracked 
|  17|0x0000000084700000, 0x0000000084800000, 0x0000000084800000|100%| O|  |TAMS 0x0000000084800000, 0x0000000084800000| Untracked 
|  18|0x0000000084800000, 0x0000000084900000, 0x0000000084900000|100%| O|  |TAMS 0x0000000084900000, 0x0000000084900000| Untracked 
|  19|0x0000000084900000, 0x0000000084a00000, 0x0000000084a00000|100%| O|  |TAMS 0x0000000084a00000, 0x0000000084a00000| Untracked 
|  20|0x0000000084a00000, 0x0000000084b00000, 0x0000000084b00000|100%| O|  |TAMS 0x0000000084b00000, 0x0000000084b00000| Untracked 
|  21|0x0000000084b00000, 0x0000000084c00000, 0x0000000084c00000|100%| O|  |TAMS 0x0000000084c00000, 0x0000000084c00000| Untracked 
|  22|0x0000000084c00000, 0x0000000084d00000, 0x0000000084d00000|100%| O|  |TAMS 0x0000000084d00000, 0x0000000084d00000| Untracked 
|  23|0x0000000084d00000, 0x0000000084e00000, 0x0000000084e00000|100%| O|  |TAMS 0x0000000084da1800, 0x0000000084e00000| Untracked 
|  24|0x0000000084e00000, 0x0000000084f00000, 0x0000000084f00000|100%| O|  |TAMS 0x0000000084f00000, 0x0000000084f00000| Untracked 
|  25|0x0000000084f00000, 0x0000000085000000, 0x0000000085000000|100%| O|  |TAMS 0x0000000085000000, 0x0000000085000000| Untracked 
|  26|0x0000000085000000, 0x0000000085100000, 0x0000000085100000|100%| O|  |TAMS 0x0000000085100000, 0x0000000085100000| Untracked 
|  27|0x0000000085100000, 0x0000000085200000, 0x0000000085200000|100%| O|  |TAMS 0x0000000085200000, 0x0000000085200000| Untracked 
|  28|0x0000000085200000, 0x0000000085300000, 0x0000000085300000|100%| O|  |TAMS 0x0000000085300000, 0x0000000085300000| Untracked 
|  29|0x0000000085300000, 0x0000000085400000, 0x0000000085400000|100%| O|  |TAMS 0x0000000085400000, 0x0000000085400000| Untracked 
|  30|0x0000000085400000, 0x0000000085500000, 0x0000000085500000|100%| O|  |TAMS 0x0000000085400000, 0x0000000085500000| Untracked 
|  31|0x0000000085500000, 0x0000000085600000, 0x0000000085600000|100%| O|  |TAMS 0x0000000085500000, 0x0000000085600000| Untracked 
|  32|0x0000000085600000, 0x0000000085700000, 0x0000000085700000|100%| O|  |TAMS 0x0000000085600000, 0x0000000085700000| Untracked 
|  33|0x0000000085700000, 0x0000000085800000, 0x0000000085800000|100%| O|  |TAMS 0x0000000085700000, 0x0000000085800000| Untracked 
|  34|0x0000000085800000, 0x0000000085865600, 0x0000000085900000| 39%| O|  |TAMS 0x0000000085800000, 0x0000000085800000| Untracked 
|  35|0x0000000085900000, 0x0000000085900000, 0x0000000085a00000|  0%| F|  |TAMS 0x0000000085900000, 0x0000000085900000| Untracked 
|  36|0x0000000085a00000, 0x0000000085a00000, 0x0000000085b00000|  0%| F|  |TAMS 0x0000000085a00000, 0x0000000085a00000| Untracked 
|  37|0x0000000085b00000, 0x0000000085b00000, 0x0000000085c00000|  0%| F|  |TAMS 0x0000000085b00000, 0x0000000085b00000| Untracked 
|  38|0x0000000085c00000, 0x0000000085c00000, 0x0000000085d00000|  0%| F|  |TAMS 0x0000000085c00000, 0x0000000085c00000| Untracked 
|  39|0x0000000085d00000, 0x0000000085d00000, 0x0000000085e00000|  0%| F|  |TAMS 0x0000000085d00000, 0x0000000085d00000| Untracked 
|  40|0x0000000085e00000, 0x0000000085e00000, 0x0000000085f00000|  0%| F|  |TAMS 0x0000000085e00000, 0x0000000085e00000| Untracked 
|  41|0x0000000085f00000, 0x0000000085f00000, 0x0000000086000000|  0%| F|  |TAMS 0x0000000085f00000, 0x0000000085f00000| Untracked 
|  42|0x0000000086000000, 0x0000000086000000, 0x0000000086100000|  0%| F|  |TAMS 0x0000000086000000, 0x0000000086000000| Untracked 
|  43|0x0000000086100000, 0x0000000086100000, 0x0000000086200000|  0%| F|  |TAMS 0x0000000086100000, 0x0000000086100000| Untracked 
|  44|0x0000000086200000, 0x0000000086200000, 0x0000000086300000|  0%| F|  |TAMS 0x0000000086200000, 0x0000000086200000| Untracked 
|  45|0x0000000086300000, 0x0000000086300000, 0x0000000086400000|  0%| F|  |TAMS 0x0000000086300000, 0x0000000086300000| Untracked 
|  46|0x0000000086400000, 0x0000000086400000, 0x0000000086500000|  0%| F|  |TAMS 0x0000000086400000, 0x0000000086400000| Untracked 
|  47|0x0000000086500000, 0x0000000086600000, 0x0000000086600000|100%| S|CS|TAMS 0x0000000086500000, 0x0000000086500000| Complete 
|  48|0x0000000086600000, 0x0000000086700000, 0x0000000086700000|100%| S|CS|TAMS 0x0000000086600000, 0x0000000086600000| Complete 
|  49|0x0000000086700000, 0x0000000086700000, 0x0000000086800000|  0%| F|  |TAMS 0x0000000086700000, 0x0000000086700000| Untracked 
|  50|0x0000000086800000, 0x0000000086800000, 0x0000000086900000|  0%| F|  |TAMS 0x0000000086800000, 0x0000000086800000| Untracked 
|  51|0x0000000086900000, 0x0000000086900000, 0x0000000086a00000|  0%| F|  |TAMS 0x0000000086900000, 0x0000000086900000| Untracked 
|  52|0x0000000086a00000, 0x0000000086a00000, 0x0000000086b00000|  0%| F|  |TAMS 0x0000000086a00000, 0x0000000086a00000| Untracked 
|  53|0x0000000086b00000, 0x0000000086b00000, 0x0000000086c00000|  0%| F|  |TAMS 0x0000000086b00000, 0x0000000086b00000| Untracked 
|  54|0x0000000086c00000, 0x0000000086c00000, 0x0000000086d00000|  0%| F|  |TAMS 0x0000000086c00000, 0x0000000086c00000| Untracked 
|  55|0x0000000086d00000, 0x0000000086d00000, 0x0000000086e00000|  0%| F|  |TAMS 0x0000000086d00000, 0x0000000086d00000| Untracked 
|  56|0x0000000086e00000, 0x0000000086e00000, 0x0000000086f00000|  0%| F|  |TAMS 0x0000000086e00000, 0x0000000086e00000| Untracked 
|  57|0x0000000086f00000, 0x0000000086f00000, 0x0000000087000000|  0%| F|  |TAMS 0x0000000086f00000, 0x0000000086f00000| Untracked 
|  58|0x0000000087000000, 0x0000000087000000, 0x0000000087100000|  0%| F|  |TAMS 0x0000000087000000, 0x0000000087000000| Untracked 
|  59|0x0000000087100000, 0x0000000087100000, 0x0000000087200000|  0%| F|  |TAMS 0x0000000087100000, 0x0000000087100000| Untracked 
|  60|0x0000000087200000, 0x0000000087200000, 0x0000000087300000|  0%| F|  |TAMS 0x0000000087200000, 0x0000000087200000| Untracked 
|  61|0x0000000087300000, 0x0000000087300000, 0x0000000087400000|  0%| F|  |TAMS 0x0000000087300000, 0x0000000087300000| Untracked 
|  62|0x0000000087400000, 0x0000000087400000, 0x0000000087500000|  0%| F|  |TAMS 0x0000000087400000, 0x0000000087400000| Untracked 
|  63|0x0000000087500000, 0x0000000087500000, 0x0000000087600000|  0%| F|  |TAMS 0x0000000087500000, 0x0000000087500000| Untracked 
|  64|0x0000000087600000, 0x0000000087600000, 0x0000000087700000|  0%| F|  |TAMS 0x0000000087600000, 0x0000000087600000| Untracked 
|  65|0x0000000087700000, 0x0000000087700000, 0x0000000087800000|  0%| F|  |TAMS 0x0000000087700000, 0x0000000087700000| Untracked 
|  66|0x0000000087800000, 0x0000000087800000, 0x0000000087900000|  0%| F|  |TAMS 0x0000000087800000, 0x0000000087800000| Untracked 
|  67|0x0000000087900000, 0x0000000087900000, 0x0000000087a00000|  0%| F|  |TAMS 0x0000000087900000, 0x0000000087900000| Untracked 
|  68|0x0000000087a00000, 0x0000000087a00000, 0x0000000087b00000|  0%| F|  |TAMS 0x0000000087a00000, 0x0000000087a00000| Untracked 
|  69|0x0000000087b00000, 0x0000000087b00000, 0x0000000087c00000|  0%| F|  |TAMS 0x0000000087b00000, 0x0000000087b00000| Untracked 
|  70|0x0000000087c00000, 0x0000000087c00000, 0x0000000087d00000|  0%| F|  |TAMS 0x0000000087c00000, 0x0000000087c00000| Untracked 
|  71|0x0000000087d00000, 0x0000000087d00000, 0x0000000087e00000|  0%| F|  |TAMS 0x0000000087d00000, 0x0000000087d00000| Untracked 
|  72|0x0000000087e00000, 0x0000000087e00000, 0x0000000087f00000|  0%| F|  |TAMS 0x0000000087e00000, 0x0000000087e00000| Untracked 
|  73|0x0000000087f00000, 0x0000000087f00000, 0x0000000088000000|  0%| F|  |TAMS 0x0000000087f00000, 0x0000000087f00000| Untracked 
|  74|0x0000000088000000, 0x0000000088000000, 0x0000000088100000|  0%| F|  |TAMS 0x0000000088000000, 0x0000000088000000| Untracked 
|  75|0x0000000088100000, 0x0000000088100000, 0x0000000088200000|  0%| F|  |TAMS 0x0000000088100000, 0x0000000088100000| Untracked 
|  76|0x0000000088200000, 0x0000000088200000, 0x0000000088300000|  0%| F|  |TAMS 0x0000000088200000, 0x0000000088200000| Untracked 
|  77|0x0000000088300000, 0x0000000088300000, 0x0000000088400000|  0%| F|  |TAMS 0x0000000088300000, 0x0000000088300000| Untracked 
|  78|0x0000000088400000, 0x0000000088400000, 0x0000000088500000|  0%| F|  |TAMS 0x0000000088400000, 0x0000000088400000| Untracked 
|  79|0x0000000088500000, 0x0000000088500000, 0x0000000088600000|  0%| F|  |TAMS 0x0000000088500000, 0x0000000088500000| Untracked 
|  80|0x0000000088600000, 0x0000000088600000, 0x0000000088700000|  0%| F|  |TAMS 0x0000000088600000, 0x0000000088600000| Untracked 
|  81|0x0000000088700000, 0x0000000088700000, 0x0000000088800000|  0%| F|  |TAMS 0x0000000088700000, 0x0000000088700000| Untracked 
|  82|0x0000000088800000, 0x0000000088800000, 0x0000000088900000|  0%| F|  |TAMS 0x0000000088800000, 0x0000000088800000| Untracked 
|  83|0x0000000088900000, 0x0000000088900000, 0x0000000088a00000|  0%| F|  |TAMS 0x0000000088900000, 0x0000000088900000| Untracked 
|  84|0x0000000088a00000, 0x0000000088a00000, 0x0000000088b00000|  0%| F|  |TAMS 0x0000000088a00000, 0x0000000088a00000| Untracked 
|  85|0x0000000088b00000, 0x0000000088b00000, 0x0000000088c00000|  0%| F|  |TAMS 0x0000000088b00000, 0x0000000088b00000| Untracked 
|  86|0x0000000088c00000, 0x0000000088c00000, 0x0000000088d00000|  0%| F|  |TAMS 0x0000000088c00000, 0x0000000088c00000| Untracked 
|  87|0x0000000088d00000, 0x0000000088d00000, 0x0000000088e00000|  0%| F|  |TAMS 0x0000000088d00000, 0x0000000088d00000| Untracked 
|  88|0x0000000088e00000, 0x0000000088e00000, 0x0000000088f00000|  0%| F|  |TAMS 0x0000000088e00000, 0x0000000088e00000| Untracked 
|  89|0x0000000088f00000, 0x0000000088f00000, 0x0000000089000000|  0%| F|  |TAMS 0x0000000088f00000, 0x0000000088f00000| Untracked 
|  90|0x0000000089000000, 0x0000000089000000, 0x0000000089100000|  0%| F|  |TAMS 0x0000000089000000, 0x0000000089000000| Untracked 
|  91|0x0000000089100000, 0x0000000089100000, 0x0000000089200000|  0%| F|  |TAMS 0x0000000089100000, 0x0000000089100000| Untracked 
|  92|0x0000000089200000, 0x0000000089200000, 0x0000000089300000|  0%| F|  |TAMS 0x0000000089200000, 0x0000000089200000| Untracked 
|  93|0x0000000089300000, 0x0000000089300000, 0x0000000089400000|  0%| F|  |TAMS 0x0000000089300000, 0x0000000089300000| Untracked 
|  94|0x0000000089400000, 0x0000000089400000, 0x0000000089500000|  0%| F|  |TAMS 0x0000000089400000, 0x0000000089400000| Untracked 
|  95|0x0000000089500000, 0x0000000089500000, 0x0000000089600000|  0%| F|  |TAMS 0x0000000089500000, 0x0000000089500000| Untracked 
|  96|0x0000000089600000, 0x0000000089600000, 0x0000000089700000|  0%| F|  |TAMS 0x0000000089600000, 0x0000000089600000| Untracked 
|  97|0x0000000089700000, 0x0000000089700000, 0x0000000089800000|  0%| F|  |TAMS 0x0000000089700000, 0x0000000089700000| Untracked 
|  98|0x0000000089800000, 0x0000000089800000, 0x0000000089900000|  0%| F|  |TAMS 0x0000000089800000, 0x0000000089800000| Untracked 
|  99|0x0000000089900000, 0x0000000089900000, 0x0000000089a00000|  0%| F|  |TAMS 0x0000000089900000, 0x0000000089900000| Untracked 
| 100|0x0000000089a00000, 0x0000000089a00000, 0x0000000089b00000|  0%| F|  |TAMS 0x0000000089a00000, 0x0000000089a00000| Untracked 
| 101|0x0000000089b00000, 0x0000000089b00000, 0x0000000089c00000|  0%| F|  |TAMS 0x0000000089b00000, 0x0000000089b00000| Untracked 
| 102|0x0000000089c00000, 0x0000000089c00000, 0x0000000089d00000|  0%| F|  |TAMS 0x0000000089c00000, 0x0000000089c00000| Untracked 
| 103|0x0000000089d00000, 0x0000000089d00000, 0x0000000089e00000|  0%| F|  |TAMS 0x0000000089d00000, 0x0000000089d00000| Untracked 
| 104|0x0000000089e00000, 0x0000000089e00000, 0x0000000089f00000|  0%| F|  |TAMS 0x0000000089e00000, 0x0000000089e00000| Untracked 
| 105|0x0000000089f00000, 0x0000000089f00000, 0x000000008a000000|  0%| F|  |TAMS 0x0000000089f00000, 0x0000000089f00000| Untracked 
| 106|0x000000008a000000, 0x000000008a000000, 0x000000008a100000|  0%| F|  |TAMS 0x000000008a000000, 0x000000008a000000| Untracked 
| 107|0x000000008a100000, 0x000000008a100000, 0x000000008a200000|  0%| F|  |TAMS 0x000000008a100000, 0x000000008a100000| Untracked 
| 108|0x000000008a200000, 0x000000008a200000, 0x000000008a300000|  0%| F|  |TAMS 0x000000008a200000, 0x000000008a200000| Untracked 
| 109|0x000000008a300000, 0x000000008a300000, 0x000000008a400000|  0%| F|  |TAMS 0x000000008a300000, 0x000000008a300000| Untracked 
| 110|0x000000008a400000, 0x000000008a400000, 0x000000008a500000|  0%| F|  |TAMS 0x000000008a400000, 0x000000008a400000| Untracked 
| 111|0x000000008a500000, 0x000000008a500000, 0x000000008a600000|  0%| F|  |TAMS 0x000000008a500000, 0x000000008a500000| Untracked 
| 112|0x000000008a600000, 0x000000008a600000, 0x000000008a700000|  0%| F|  |TAMS 0x000000008a600000, 0x000000008a600000| Untracked 
| 113|0x000000008a700000, 0x000000008a700000, 0x000000008a800000|  0%| F|  |TAMS 0x000000008a700000, 0x000000008a700000| Untracked 
| 114|0x000000008a800000, 0x000000008a800000, 0x000000008a900000|  0%| F|  |TAMS 0x000000008a800000, 0x000000008a800000| Untracked 
| 115|0x000000008a900000, 0x000000008a900000, 0x000000008aa00000|  0%| F|  |TAMS 0x000000008a900000, 0x000000008a900000| Untracked 
| 116|0x000000008aa00000, 0x000000008aa00000, 0x000000008ab00000|  0%| F|  |TAMS 0x000000008aa00000, 0x000000008aa00000| Untracked 
| 117|0x000000008ab00000, 0x000000008ab00000, 0x000000008ac00000|  0%| F|  |TAMS 0x000000008ab00000, 0x000000008ab00000| Untracked 
| 118|0x000000008ac00000, 0x000000008ac00000, 0x000000008ad00000|  0%| F|  |TAMS 0x000000008ac00000, 0x000000008ac00000| Untracked 
| 119|0x000000008ad00000, 0x000000008ad00000, 0x000000008ae00000|  0%| F|  |TAMS 0x000000008ad00000, 0x000000008ad00000| Untracked 
| 120|0x000000008ae00000, 0x000000008ae00000, 0x000000008af00000|  0%| F|  |TAMS 0x000000008ae00000, 0x000000008ae00000| Untracked 
| 121|0x000000008af00000, 0x000000008af00000, 0x000000008b000000|  0%| F|  |TAMS 0x000000008af00000, 0x000000008af00000| Untracked 
| 122|0x000000008b000000, 0x000000008b000000, 0x000000008b100000|  0%| F|  |TAMS 0x000000008b000000, 0x000000008b000000| Untracked 
| 123|0x000000008b100000, 0x000000008b100000, 0x000000008b200000|  0%| F|  |TAMS 0x000000008b100000, 0x000000008b100000| Untracked 
| 124|0x000000008b200000, 0x000000008b200000, 0x000000008b300000|  0%| F|  |TAMS 0x000000008b200000, 0x000000008b200000| Untracked 
| 125|0x000000008b300000, 0x000000008b300000, 0x000000008b400000|  0%| F|  |TAMS 0x000000008b300000, 0x000000008b300000| Untracked 
|1989|0x00000000ffb00000, 0x00000000ffc00000, 0x00000000ffc00000|100%| O|  |TAMS 0x00000000ffc00000, 0x00000000ffc00000| Untracked 
|1990|0x00000000ffc00000, 0x00000000ffd00000, 0x00000000ffd00000|100%| O|  |TAMS 0x00000000ffd00000, 0x00000000ffd00000| Untracked 
|1991|0x00000000ffd00000, 0x00000000ffe00000, 0x00000000ffe00000|100%| O|  |TAMS 0x00000000ffe00000, 0x00000000ffe00000| Untracked 
|1992|0x00000000ffe00000, 0x00000000fff00000, 0x00000000fff00000|100%| O|  |TAMS 0x00000000fff00000, 0x00000000fff00000| Untracked 
|1993|0x00000000fff00000, 0x0000000100000000, 0x0000000100000000|100%| O|  |TAMS 0x0000000100000000, 0x0000000100000000| Untracked 

Card table byte_map: [0x0000023f9e960000,0x0000023f9ed50000] _byte_map_base: 0x0000023f9e545000

Marking Bits (Prev, Next): (CMBitMap*) 0x0000023f879db7e0, (CMBitMap*) 0x0000023f879db7a0
 Prev Bits: [0x0000023fa1070000, 0x0000023fa2f98000)
 Next Bits: [0x0000023f9f140000, 0x0000023fa1068000)

Polling page: 0x0000023f87150000

Metaspace:

Usage:
  Non-class:     25.92 MB used.
      Class:      3.30 MB used.
       Both:     29.22 MB used.

Virtual space:
  Non-class space:       64.00 MB reserved,      26.12 MB ( 41%) committed,  1 nodes.
      Class space:        1.00 GB reserved,       3.44 MB ( <1%) committed,  1 nodes.
             Both:        1.06 GB reserved,      29.56 MB (  3%) committed. 

Chunk freelists:
   Non-Class:  5.05 MB
       Class:  12.44 MB
        Both:  17.49 MB

MaxMetaspaceSize: unlimited
CompressedClassSpaceSize: 1.00 GB
Initial GC threshold: 21.00 MB
Current GC threshold: 46.56 MB
CDS: on
MetaspaceReclaimPolicy: balanced
 - commit_granule_bytes: 65536.
 - commit_granule_words: 8192.
 - virtual_space_node_default_size: 8388608.
 - enlarge_chunks_in_place: 1.
 - new_chunks_are_fully_committed: 0.
 - uncommit_free_chunks: 1.
 - use_allocation_guard: 0.
 - handle_deallocations: 1.


Internal statistics:

num_allocs_failed_limit: 3.
num_arena_births: 176.
num_arena_deaths: 0.
num_vsnodes_births: 2.
num_vsnodes_deaths: 0.
num_space_committed: 473.
num_space_uncommitted: 0.
num_chunks_returned_to_freelist: 3.
num_chunks_taken_from_freelist: 1248.
num_chunk_merges: 3.
num_chunk_splits: 890.
num_chunks_enlarged: 699.
num_inconsistent_stats: 0.

CodeHeap 'non-profiled nmethods': size=120000Kb used=3275Kb max_used=3275Kb free=116724Kb
 bounds [0x0000023f96d10000, 0x0000023f97050000, 0x0000023f9e240000]
CodeHeap 'profiled nmethods': size=120000Kb used=14718Kb max_used=14718Kb free=105281Kb
 bounds [0x0000023f8f240000, 0x0000023f900b0000, 0x0000023f96770000]
CodeHeap 'non-nmethods': size=5760Kb used=1222Kb max_used=1263Kb free=4538Kb
 bounds [0x0000023f96770000, 0x0000023f969e0000, 0x0000023f96d10000]
 total_blobs=7074 nmethods=6561 adapters=423
 compilation: enabled
              stopped_count=0, restarted_count=0
 full_count=0

Compilation events (20 events):
Event: 6.563 Thread 0x0000023fa59c6010 nmethod 7379 0x0000023f9009ea10 code [0x0000023f9009ebc0, 0x0000023f9009eda8]
Event: 6.563 Thread 0x0000023fa59c6010 7392   !   3       com.sun.tools.javac.comp.Check::checkNonCyclicInternal (304 bytes)
Event: 6.564 Thread 0x0000023fa59c6010 nmethod 7392 0x0000023f9009ee90 code [0x0000023f9009f120, 0x0000023f900a03b8]
Event: 6.564 Thread 0x0000023fa59c6010 7393       3       java.util.HashMap$Values::forEach (119 bytes)
Event: 6.565 Thread 0x0000023fa59c6010 nmethod 7393 0x0000023f900a0a10 code [0x0000023f900a0c00, 0x0000023f900a1228]
Event: 6.565 Thread 0x0000023fa59c6010 7394       3       com.sun.tools.javac.comp.Resolve::resolveQualifiedMethod (26 bytes)
Event: 6.565 Thread 0x0000023fa59c6010 nmethod 7394 0x0000023f900a1490 code [0x0000023f900a1640, 0x0000023f900a1898]
Event: 6.565 Thread 0x0000023fa59c6010 7395       3       com.sun.tools.javac.jvm.PoolConstant$NameAndType::poolKey (24 bytes)
Event: 6.566 Thread 0x0000023feb1e8240 nmethod 7140 0x0000023f97041190 code [0x0000023f97041320, 0x0000023f970415d8]
Event: 6.566 Thread 0x0000023fa59c6010 nmethod 7395 0x0000023f900a1a10 code [0x0000023f900a1be0, 0x0000023f900a2098]
Event: 6.566 Thread 0x0000023feb1e8240 7381       4       com.sun.tools.javac.tree.TreeInfo::getStartPos (767 bytes)
Event: 6.567 Thread 0x0000023fa59c6010 7397       3       com.sun.tools.javac.code.Scope$CompoundScope$$Lambda$376/0x0000023fa7368240::apply (16 bytes)
Event: 6.568 Thread 0x0000023fa59c6010 nmethod 7397 0x0000023f900a2210 code [0x0000023f900a23e0, 0x0000023f900a27d8]
Event: 6.568 Thread 0x0000023fa59c6010 7399       3       com.sun.tools.javac.code.Types$MethodFilter::test (9 bytes)
Event: 6.568 Thread 0x0000023fa59c6010 nmethod 7399 0x0000023f900a2910 code [0x0000023f900a2ac0, 0x0000023f900a2d08]
Event: 6.568 Thread 0x0000023fa59c6010 7398       3       com.sun.tools.javac.code.Scope$CompoundScope::lambda$getSymbols$0 (12 bytes)
Event: 6.568 Thread 0x0000023fa59c6010 nmethod 7398 0x0000023f900a2e10 code [0x0000023f900a2fc0, 0x0000023f900a3258]
Event: 6.571 Thread 0x0000023feb1e8240 nmethod 7381 0x0000023f97041890 code [0x0000023f97041d60, 0x0000023f97042448]
Event: 6.571 Thread 0x0000023feb1e8240 7401       4       java.util.HashMap::computeIfAbsent (330 bytes)
Event: 6.572 Thread 0x0000023fa59c6010 7402   !   3       java.nio.file.Files::walkFileTree (297 bytes)

GC Heap History (20 events):
Event: 0.729 GC heap after
{Heap after GC invocations=1 (full 0):
 garbage-first heap   total 129024K, used 3871K [0x0000000083600000, 0x0000000100000000)
  region size 1024K, 3 young (3072K), 3 survivors (3072K)
 Metaspace       used 5751K, committed 5952K, reserved 1114112K
  class space    used 685K, committed 768K, reserved 1048576K
}
Event: 1.527 GC heap before
{Heap before GC invocations=1 (full 0):
 garbage-first heap   total 129024K, used 34591K [0x0000000083600000, 0x0000000100000000)
  region size 1024K, 33 young (33792K), 3 survivors (3072K)
 Metaspace       used 9881K, committed 10048K, reserved 1114112K
  class space    used 1195K, committed 1280K, reserved 1048576K
}
Event: 1.533 GC heap after
{Heap after GC invocations=2 (full 0):
 garbage-first heap   total 129024K, used 6209K [0x0000000083600000, 0x0000000100000000)
  region size 1024K, 3 young (3072K), 3 survivors (3072K)
 Metaspace       used 9881K, committed 10048K, reserved 1114112K
  class space    used 1195K, committed 1280K, reserved 1048576K
}
Event: 3.116 GC heap before
{Heap before GC invocations=2 (full 0):
 garbage-first heap   total 129024K, used 79937K [0x0000000083600000, 0x0000000100000000)
  region size 1024K, 75 young (76800K), 3 survivors (3072K)
 Metaspace       used 16016K, committed 16256K, reserved 1114112K
  class space    used 1872K, committed 1984K, reserved 1048576K
}
Event: 3.126 GC heap after
{Heap after GC invocations=3 (full 0):
 garbage-first heap   total 129024K, used 11421K [0x0000000083600000, 0x0000000100000000)
  region size 1024K, 8 young (8192K), 8 survivors (8192K)
 Metaspace       used 16016K, committed 16256K, reserved 1114112K
  class space    used 1872K, committed 1984K, reserved 1048576K
}
Event: 4.488 GC heap before
{Heap before GC invocations=3 (full 0):
 garbage-first heap   total 129024K, used 73885K [0x0000000083600000, 0x0000000100000000)
  region size 1024K, 70 young (71680K), 8 survivors (8192K)
 Metaspace       used 21221K, committed 21504K, reserved 1114112K
  class space    used 2466K, committed 2624K, reserved 1048576K
}
Event: 4.500 GC heap after
{Heap after GC invocations=4 (full 0):
 garbage-first heap   total 129024K, used 15561K [0x0000000083600000, 0x0000000100000000)
  region size 1024K, 5 young (5120K), 5 survivors (5120K)
 Metaspace       used 21221K, committed 21504K, reserved 1114112K
  class space    used 2466K, committed 2624K, reserved 1048576K
}
Event: 5.160 GC heap before
{Heap before GC invocations=5 (full 0):
 garbage-first heap   total 58368K, used 47305K [0x0000000083600000, 0x0000000100000000)
  region size 1024K, 33 young (33792K), 5 survivors (5120K)
 Metaspace       used 26039K, committed 26368K, reserved 1114112K
  class space    used 2983K, committed 3136K, reserved 1048576K
}
Event: 5.174 GC heap after
{Heap after GC invocations=6 (full 0):
 garbage-first heap   total 63488K, used 29500K [0x0000000083600000, 0x0000000100000000)
  region size 1024K, 5 young (5120K), 5 survivors (5120K)
 Metaspace       used 26039K, committed 26368K, reserved 1114112K
  class space    used 2983K, committed 3136K, reserved 1048576K
}
Event: 5.184 GC heap before
{Heap before GC invocations=6 (full 0):
 garbage-first heap   total 63488K, used 30524K [0x0000000083600000, 0x0000000100000000)
  region size 1024K, 6 young (6144K), 5 survivors (5120K)
 Metaspace       used 26040K, committed 26368K, reserved 1114112K
  class space    used 2983K, committed 3136K, reserved 1048576K
}
Event: 5.193 GC heap after
{Heap after GC invocations=7 (full 0):
 garbage-first heap   total 63488K, used 30582K [0x0000000083600000, 0x0000000100000000)
  region size 1024K, 1 young (1024K), 1 survivors (1024K)
 Metaspace       used 26040K, committed 26368K, reserved 1114112K
  class space    used 2983K, committed 3136K, reserved 1048576K
}
Event: 5.550 GC heap before
{Heap before GC invocations=7 (full 0):
 garbage-first heap   total 63488K, used 46966K [0x0000000083600000, 0x0000000100000000)
  region size 1024K, 17 young (17408K), 1 survivors (1024K)
 Metaspace       used 26601K, committed 26944K, reserved 1114112K
  class space    used 3047K, committed 3200K, reserved 1048576K
}
Event: 5.557 GC heap after
{Heap after GC invocations=8 (full 0):
 garbage-first heap   total 63488K, used 34304K [0x0000000083600000, 0x0000000100000000)
  region size 1024K, 3 young (3072K), 3 survivors (3072K)
 Metaspace       used 26601K, committed 26944K, reserved 1114112K
  class space    used 3047K, committed 3200K, reserved 1048576K
}
Event: 5.708 GC heap before
{Heap before GC invocations=9 (full 0):
 garbage-first heap   total 65536K, used 47616K [0x0000000083600000, 0x0000000100000000)
  region size 1024K, 16 young (16384K), 3 survivors (3072K)
 Metaspace       used 26928K, committed 27200K, reserved 1114112K
  class space    used 3053K, committed 3200K, reserved 1048576K
}
Event: 5.718 GC heap after
{Heap after GC invocations=10 (full 0):
 garbage-first heap   total 65536K, used 37510K [0x0000000083600000, 0x0000000100000000)
  region size 1024K, 2 young (2048K), 2 survivors (2048K)
 Metaspace       used 26928K, committed 27200K, reserved 1114112K
  class space    used 3053K, committed 3200K, reserved 1048576K
}
Event: 5.898 GC heap before
{Heap before GC invocations=10 (full 0):
 garbage-first heap   total 65536K, used 49798K [0x0000000083600000, 0x0000000100000000)
  region size 1024K, 14 young (14336K), 2 survivors (2048K)
 Metaspace       used 28008K, committed 28288K, reserved 1114112K
  class space    used 3181K, committed 3328K, reserved 1048576K
}
Event: 5.908 GC heap after
{Heap after GC invocations=11 (full 0):
 garbage-first heap   total 65536K, used 39848K [0x0000000083600000, 0x0000000100000000)
  region size 1024K, 2 young (2048K), 2 survivors (2048K)
 Metaspace       used 28008K, committed 28288K, reserved 1114112K
  class space    used 3181K, committed 3328K, reserved 1048576K
}
Event: 6.104 GC heap before
{Heap before GC invocations=12 (full 0):
 garbage-first heap   total 70656K, used 51112K [0x0000000083600000, 0x0000000100000000)
  region size 1024K, 13 young (13312K), 2 survivors (2048K)
 Metaspace       used 28867K, committed 29184K, reserved 1114112K
  class space    used 3290K, committed 3456K, reserved 1048576K
}
Event: 6.111 GC heap after
{Heap after GC invocations=13 (full 0):
 garbage-first heap   total 70656K, used 40960K [0x0000000083600000, 0x0000000100000000)
  region size 1024K, 1 young (1024K), 1 survivors (1024K)
 Metaspace       used 28867K, committed 29184K, reserved 1114112K
  class space    used 3290K, committed 3456K, reserved 1048576K
}
Event: 6.572 GC heap before
{Heap before GC invocations=13 (full 0):
 garbage-first heap   total 70656K, used 55296K [0x0000000083600000, 0x0000000100000000)
  region size 1024K, 15 young (15360K), 1 survivors (1024K)
 Metaspace       used 29917K, committed 30272K, reserved 1114112K
  class space    used 3374K, committed 3520K, reserved 1048576K
}

Deoptimization events (20 events):
Event: 6.530 Thread 0x0000023f87983650 Uncommon trap: trap_request=0xffffffde fr.pc=0x0000023f96d6ac80 relative=0x0000000000000c80
Event: 6.530 Thread 0x0000023f87983650 Uncommon trap: reason=class_check action=maybe_recompile pc=0x0000023f96d6ac80 method=com.sun.tools.javac.code.Type.containsAny(Lcom/sun/tools/javac/util/List;)Z @ 6 c2
Event: 6.530 Thread 0x0000023f87983650 DEOPT PACKING pc=0x0000023f96d6ac80 sp=0x00000088881fbb10
Event: 6.530 Thread 0x0000023f87983650 DEOPT UNPACKING pc=0x0000023f967c5ba3 sp=0x00000088881fba00 mode 2
Event: 6.537 Thread 0x0000023f87983650 Uncommon trap: trap_request=0xffffffde fr.pc=0x0000023f96f8aa88 relative=0x00000000000000e8
Event: 6.537 Thread 0x0000023f87983650 Uncommon trap: reason=class_check action=maybe_recompile pc=0x0000023f96f8aa88 method=com.sun.tools.javac.code.Type.containsAny(Lcom/sun/tools/javac/util/List;)Z @ 6 c2
Event: 6.537 Thread 0x0000023f87983650 DEOPT PACKING pc=0x0000023f96f8aa88 sp=0x00000088881fbc80
Event: 6.537 Thread 0x0000023f87983650 DEOPT UNPACKING pc=0x0000023f967c5ba3 sp=0x00000088881fbc10 mode 2
Event: 6.538 Thread 0x0000023f87983650 Uncommon trap: trap_request=0xffffffde fr.pc=0x0000023f96db6a28 relative=0x0000000000000108
Event: 6.538 Thread 0x0000023f87983650 Uncommon trap: reason=class_check action=maybe_recompile pc=0x0000023f96db6a28 method=com.sun.tools.javac.code.Type.containsAny(Lcom/sun/tools/javac/util/List;)Z @ 6 c2
Event: 6.538 Thread 0x0000023f87983650 DEOPT PACKING pc=0x0000023f96db6a28 sp=0x00000088881fba20
Event: 6.538 Thread 0x0000023f87983650 DEOPT UNPACKING pc=0x0000023f967c5ba3 sp=0x00000088881fb948 mode 2
Event: 6.538 Thread 0x0000023f87983650 Uncommon trap: trap_request=0xffffffde fr.pc=0x0000023f96f8aa88 relative=0x00000000000000e8
Event: 6.538 Thread 0x0000023f87983650 Uncommon trap: reason=class_check action=maybe_recompile pc=0x0000023f96f8aa88 method=com.sun.tools.javac.code.Type.containsAny(Lcom/sun/tools/javac/util/List;)Z @ 6 c2
Event: 6.538 Thread 0x0000023f87983650 DEOPT PACKING pc=0x0000023f96f8aa88 sp=0x00000088881fb9b0
Event: 6.538 Thread 0x0000023f87983650 DEOPT UNPACKING pc=0x0000023f967c5ba3 sp=0x00000088881fb940 mode 2
Event: 6.541 Thread 0x0000023f87983650 Uncommon trap: trap_request=0xffffffde fr.pc=0x0000023f96d6ac80 relative=0x0000000000000c80
Event: 6.541 Thread 0x0000023f87983650 Uncommon trap: reason=class_check action=maybe_recompile pc=0x0000023f96d6ac80 method=com.sun.tools.javac.code.Type.containsAny(Lcom/sun/tools/javac/util/List;)Z @ 6 c2
Event: 6.541 Thread 0x0000023f87983650 DEOPT PACKING pc=0x0000023f96d6ac80 sp=0x00000088881fbc90
Event: 6.541 Thread 0x0000023f87983650 DEOPT UNPACKING pc=0x0000023f967c5ba3 sp=0x00000088881fbba8 mode 2

Classes unloaded (0 events):
No events

Classes redefined (0 events):
No events

Internal exceptions (20 events):
Event: 6.531 Thread 0x0000023f87983650 Exception <a 'java/lang/NoSuchMethodError'{0x00000000868dd340}: 'int java.lang.invoke.DirectMethodHandle$Holder.invokeVirtual(java.lang.Object, java.lang.Object, java.lang.Object, java.lang.Object)'> (0x00000000868dd340) 
thrown [s\open\src\hotspot\share\interpreter\linkResolver.cpp, line 759]
Event: 6.533 Thread 0x0000023f87983650 Exception <a 'java/lang/NoSuchMethodError'{0x00000000868e8368}: 'java.lang.Object java.lang.invoke.DirectMethodHandle$Holder.newInvokeSpecial(java.lang.Object, java.lang.Object, int, java.lang.Object)'> (0x00000000868e8368) 
thrown [s\open\src\hotspot\share\interpreter\linkResolver.cpp, line 759]
Event: 6.533 Thread 0x0000023f87983650 Exception <a 'java/lang/NoSuchMethodError'{0x00000000868ecc98}: 'java.lang.Object java.lang.invoke.DirectMethodHandle$Holder.invokeSpecial(java.lang.Object, java.lang.Object, java.lang.Object, int, java.lang.Object)'> (0x00000000868ecc98) 
thrown [s\open\src\hotspot\share\interpreter\linkResolver.cpp, line 759]
Event: 6.555 Thread 0x0000023f87983650 Exception <a 'sun/nio/fs/WindowsException'{0x000000008678c5d8}> (0x000000008678c5d8) 
thrown [s\open\src\hotspot\share\prims\jni.cpp, line 516]
Event: 6.559 Thread 0x0000023f87983650 Exception <a 'sun/nio/fs/WindowsException'{0x000000008679c4e0}> (0x000000008679c4e0) 
thrown [s\open\src\hotspot\share\prims\jni.cpp, line 516]
Event: 6.562 Thread 0x0000023f87983650 Exception <a 'sun/nio/fs/WindowsException'{0x00000000867a3b30}> (0x00000000867a3b30) 
thrown [s\open\src\hotspot\share\prims\jni.cpp, line 516]
Event: 6.566 Thread 0x0000023f87983650 Exception <a 'sun/nio/fs/WindowsException'{0x00000000867b4fb0}> (0x00000000867b4fb0) 
thrown [s\open\src\hotspot\share\prims\jni.cpp, line 516]
Event: 6.566 Thread 0x0000023f87983650 Exception <a 'sun/nio/fs/WindowsException'{0x00000000867b5730}> (0x00000000867b5730) 
thrown [s\open\src\hotspot\share\prims\jni.cpp, line 516]
Event: 6.570 Thread 0x0000023f87983650 Exception <a 'sun/nio/fs/WindowsException'{0x00000000867dd0c0}> (0x00000000867dd0c0) 
thrown [s\open\src\hotspot\share\prims\jni.cpp, line 516]
Event: 6.570 Thread 0x0000023f87983650 Exception <a 'sun/nio/fs/WindowsException'{0x00000000867dd420}> (0x00000000867dd420) 
thrown [s\open\src\hotspot\share\prims\jni.cpp, line 516]
Event: 6.571 Thread 0x0000023f87983650 Exception <a 'sun/nio/fs/WindowsException'{0x00000000867e2fc0}> (0x00000000867e2fc0) 
thrown [s\open\src\hotspot\share\prims\jni.cpp, line 516]
Event: 6.571 Thread 0x0000023f87983650 Exception <a 'sun/nio/fs/WindowsException'{0x00000000867e32d8}> (0x00000000867e32d8) 
thrown [s\open\src\hotspot\share\prims\jni.cpp, line 516]
Event: 6.571 Thread 0x0000023f87983650 Exception <a 'sun/nio/fs/WindowsException'{0x00000000867f1fe0}> (0x00000000867f1fe0) 
thrown [s\open\src\hotspot\share\prims\jni.cpp, line 516]
Event: 6.571 Thread 0x0000023f87983650 Exception <a 'sun/nio/fs/WindowsException'{0x00000000867f2340}> (0x00000000867f2340) 
thrown [s\open\src\hotspot\share\prims\jni.cpp, line 516]
Event: 6.571 Thread 0x0000023f87983650 Exception <a 'sun/nio/fs/WindowsException'{0x00000000867f3d98}> (0x00000000867f3d98) 
thrown [s\open\src\hotspot\share\prims\jni.cpp, line 516]
Event: 6.571 Thread 0x0000023f87983650 Exception <a 'sun/nio/fs/WindowsException'{0x00000000867f4180}> (0x00000000867f4180) 
thrown [s\open\src\hotspot\share\prims\jni.cpp, line 516]
Event: 6.571 Thread 0x0000023f87983650 Exception <a 'sun/nio/fs/WindowsException'{0x00000000867f8b70}> (0x00000000867f8b70) 
thrown [s\open\src\hotspot\share\prims\jni.cpp, line 516]
Event: 6.572 Thread 0x0000023f87983650 Exception <a 'sun/nio/fs/WindowsException'{0x00000000867f8f00}> (0x00000000867f8f00) 
thrown [s\open\src\hotspot\share\prims\jni.cpp, line 516]
Event: 6.572 Thread 0x0000023f87983650 Exception <a 'sun/nio/fs/WindowsException'{0x00000000867fe1a8}> (0x00000000867fe1a8) 
thrown [s\open\src\hotspot\share\prims\jni.cpp, line 516]
Event: 6.572 Thread 0x0000023f87983650 Exception <a 'sun/nio/fs/WindowsException'{0x00000000867fe4f8}> (0x00000000867fe4f8) 
thrown [s\open\src\hotspot\share\prims\jni.cpp, line 516]

VM Operations (20 events):
Event: 6.158 Executing VM operation: HandshakeAllThreads done
Event: 6.189 Executing VM operation: ICBufferFull
Event: 6.189 Executing VM operation: ICBufferFull done
Event: 6.286 Executing VM operation: ICBufferFull
Event: 6.287 Executing VM operation: ICBufferFull done
Event: 6.289 Executing VM operation: HandshakeAllThreads
Event: 6.289 Executing VM operation: HandshakeAllThreads done
Event: 6.317 Executing VM operation: HandshakeAllThreads
Event: 6.317 Executing VM operation: HandshakeAllThreads done
Event: 6.402 Executing VM operation: ICBufferFull
Event: 6.403 Executing VM operation: ICBufferFull done
Event: 6.456 Executing VM operation: ICBufferFull
Event: 6.456 Executing VM operation: ICBufferFull done
Event: 6.468 Executing VM operation: HandshakeAllThreads
Event: 6.468 Executing VM operation: HandshakeAllThreads done
Event: 6.543 Executing VM operation: HandshakeAllThreads
Event: 6.543 Executing VM operation: HandshakeAllThreads done
Event: 6.550 Executing VM operation: ICBufferFull
Event: 6.550 Executing VM operation: ICBufferFull done
Event: 6.572 Executing VM operation: G1CollectForAllocation

Events (20 events):
Event: 5.885 loading class java/util/concurrent/atomic/AtomicIntegerArray
Event: 5.885 loading class java/util/concurrent/atomic/AtomicIntegerArray done
Event: 5.886 loading class java/util/UUID
Event: 5.887 loading class java/util/UUID done
Event: 5.887 loading class java/util/Currency
Event: 5.887 loading class java/util/Currency done
Event: 5.891 loading class java/util/concurrent/atomic/AtomicLongArray
Event: 5.891 loading class java/util/concurrent/atomic/AtomicLongArray done
Event: 6.073 loading class java/nio/file/Path$1
Event: 6.073 loading class java/nio/file/Path$1 done
Event: 6.134 loading class java/util/function/ToIntBiFunction
Event: 6.134 loading class java/util/function/ToIntBiFunction done
Event: 6.540 loading class java/util/EnumMap$EntrySet
Event: 6.540 loading class java/util/EnumMap$EntrySet done
Event: 6.540 loading class java/util/EnumMap$EntryIterator
Event: 6.540 loading class java/util/EnumMap$EnumMapIterator
Event: 6.540 loading class java/util/EnumMap$EnumMapIterator done
Event: 6.540 loading class java/util/EnumMap$EntryIterator done
Event: 6.540 loading class java/util/EnumMap$EntryIterator$Entry
Event: 6.540 loading class java/util/EnumMap$EntryIterator$Entry done


Dynamic libraries:
0x00007ff619500000 - 0x00007ff619510000 	C:\Program Files\Java\jdk-17\bin\java.exe
0x00007ffd12ab0000 - 0x00007ffd12cc7000 	C:\Windows\SYSTEM32\ntdll.dll
0x00007ffd11080000 - 0x00007ffd11144000 	C:\Windows\System32\KERNEL32.DLL
0x00007ffd10300000 - 0x00007ffd106a6000 	C:\Windows\System32\KERNELBASE.dll
0x00007ffd106e0000 - 0x00007ffd107f1000 	C:\Windows\System32\ucrtbase.dll
0x00007ffcde940000 - 0x00007ffcde959000 	C:\Program Files\Java\jdk-17\bin\jli.dll
0x00007ffcd85a0000 - 0x00007ffcd85bb000 	C:\Program Files\Java\jdk-17\bin\VCRUNTIME140.dll
0x00007ffd11150000 - 0x00007ffd11203000 	C:\Windows\System32\ADVAPI32.dll
0x00007ffd10fd0000 - 0x00007ffd11077000 	C:\Windows\System32\msvcrt.dll
0x00007ffd11210000 - 0x00007ffd112b8000 	C:\Windows\System32\sechost.dll
0x00007ffd106b0000 - 0x00007ffd106d8000 	C:\Windows\System32\bcrypt.dll
0x00007ffd12760000 - 0x00007ffd12877000 	C:\Windows\System32\RPCRT4.dll
0x00007ffd125b0000 - 0x00007ffd1275e000 	C:\Windows\System32\USER32.dll
0x00007ffd100e0000 - 0x00007ffd10106000 	C:\Windows\System32\win32u.dll
0x00007ffd12a40000 - 0x00007ffd12a69000 	C:\Windows\System32\GDI32.dll
0x00007ffd04630000 - 0x00007ffd048c3000 	C:\Windows\WinSxS\amd64_microsoft.windows.common-controls_6595b64144ccf1df_6.0.22621.2506_none_270c5ae97388e100\COMCTL32.dll
0x00007ffd0fe60000 - 0x00007ffd0ff78000 	C:\Windows\System32\gdi32full.dll
0x00007ffd10040000 - 0x00007ffd100da000 	C:\Windows\System32\msvcp_win.dll
0x00007ffd08c00000 - 0x00007ffd08c0a000 	C:\Windows\SYSTEM32\VERSION.dll
0x00007ffd10b10000 - 0x00007ffd10b41000 	C:\Windows\System32\IMM32.DLL
0x00007ffcef2c0000 - 0x00007ffcef2cc000 	C:\Program Files\Java\jdk-17\bin\vcruntime140_1.dll
0x00007ffcba430000 - 0x00007ffcba4be000 	C:\Program Files\Java\jdk-17\bin\msvcp140.dll
0x00007ffc71850000 - 0x00007ffc72430000 	C:\Program Files\Java\jdk-17\bin\server\jvm.dll
0x00007ffd10a50000 - 0x00007ffd10a58000 	C:\Windows\System32\PSAPI.DLL
0x00007ffd0a5a0000 - 0x00007ffd0a5a9000 	C:\Windows\SYSTEM32\WSOCK32.dll
0x00007ffd081d0000 - 0x00007ffd08204000 	C:\Windows\SYSTEM32\WINMM.dll
0x00007ffd11f30000 - 0x00007ffd11fa1000 	C:\Windows\System32\WS2_32.dll
0x00007ffd0ef10000 - 0x00007ffd0ef28000 	C:\Windows\SYSTEM32\kernel.appcore.dll
0x00007ffcec450000 - 0x00007ffcec45a000 	C:\Program Files\Java\jdk-17\bin\jimage.dll
0x00007ffd0d1b0000 - 0x00007ffd0d3e3000 	C:\Windows\SYSTEM32\DBGHELP.DLL
0x00007ffd12200000 - 0x00007ffd12589000 	C:\Windows\System32\combase.dll
0x00007ffd11e40000 - 0x00007ffd11f17000 	C:\Windows\System32\OLEAUT32.dll
0x00007ffd03d90000 - 0x00007ffd03dc2000 	C:\Windows\SYSTEM32\dbgcore.DLL
0x00007ffd10280000 - 0x00007ffd102fa000 	C:\Windows\System32\bcryptPrimitives.dll
0x00007ffd03050000 - 0x00007ffd0305e000 	C:\Program Files\Java\jdk-17\bin\instrument.dll
0x00007ffcd3fc0000 - 0x00007ffcd3fe5000 	C:\Program Files\Java\jdk-17\bin\java.dll
0x00007ffcba350000 - 0x00007ffcba427000 	C:\Program Files\Java\jdk-17\bin\jsvml.dll
0x00007ffd112c0000 - 0x00007ffd11b1a000 	C:\Windows\System32\SHELL32.dll
0x00007ffd0dd40000 - 0x00007ffd0e636000 	C:\Windows\SYSTEM32\windows.storage.dll
0x00007ffd0dc00000 - 0x00007ffd0dd3e000 	C:\Windows\SYSTEM32\wintypes.dll
0x00007ffd11b20000 - 0x00007ffd11c13000 	C:\Windows\System32\SHCORE.dll
0x00007ffd129e0000 - 0x00007ffd12a3e000 	C:\Windows\System32\shlwapi.dll
0x00007ffd0fd20000 - 0x00007ffd0fd46000 	C:\Windows\SYSTEM32\profapi.dll
0x00007ffcce190000 - 0x00007ffcce1a8000 	C:\Program Files\Java\jdk-17\bin\zip.dll
0x00007ffccef30000 - 0x00007ffccef49000 	C:\Program Files\Java\jdk-17\bin\net.dll
0x00007ffd0a440000 - 0x00007ffd0a577000 	C:\Windows\SYSTEM32\WINHTTP.dll
0x00007ffd0f390000 - 0x00007ffd0f3f9000 	C:\Windows\system32\mswsock.dll
0x00007ffcceab0000 - 0x00007ffcceac6000 	C:\Program Files\Java\jdk-17\bin\nio.dll
0x00007ffd02a50000 - 0x00007ffd02a6a000 	C:\Program Files\JetBrains\IntelliJ IDEA 2023.2.2\bin\breakgen64.dll
0x0000000069ac0000 - 0x0000000069ae4000 	C:\Users\HUAWEI\AppData\Local\Temp\jansi-2.4.0-971e0ecd0500057c-jansi.dll
0x00007ffceab00000 - 0x00007ffceab10000 	C:\Program Files\Java\jdk-17\bin\verify.dll

dbghelp: loaded successfully - version: 4.0.5 - missing functions: none
symbol engine: initialized successfully - sym options: 0x614 - pdb path: .;C:\Program Files\Java\jdk-17\bin;C:\Windows\SYSTEM32;C:\Windows\WinSxS\amd64_microsoft.windows.common-controls_6595b64144ccf1df_6.0.22621.2506_none_270c5ae97388e100;C:\Program Files\Java\jdk-17\bin\server;C:\Program Files\JetBrains\IntelliJ IDEA 2023.2.2\bin;C:\Users\HUAWEI\AppData\Local\Temp

VM Arguments:
jvm_args: -Dmaven.multiModuleProjectDirectory=C:\Users\HUAWEI\OneDrive\Entwicklung\Projekte\CT-Commons -Djansi.passthrough=true -Dmaven.home=C:\Program Files\JetBrains\IntelliJ IDEA 2023.2.2\plugins\maven\lib\maven3 -Dclassworlds.conf=C:\Program Files\JetBrains\IntelliJ IDEA 2023.2.2\plugins\maven\lib\maven3\bin\m2.conf -Dmaven.ext.class.path=C:\Program Files\JetBrains\IntelliJ IDEA 2023.2.2\plugins\maven\lib\maven-event-listener.jar -javaagent:C:\Program Files\JetBrains\IntelliJ IDEA 2023.2.2\lib\idea_rt.jar=4800:C:\Program Files\JetBrains\IntelliJ IDEA 2023.2.2\bin -Dfile.encoding=UTF-8 
java_command: org.codehaus.classworlds.Launcher -Didea.version=2023.2.2 clean install
java_class_path (initial): C:\Program Files\JetBrains\IntelliJ IDEA 2023.2.2\plugins\maven\lib\maven3\boot\plexus-classworlds-2.7.0.jar;C:\Program Files\JetBrains\IntelliJ IDEA 2023.2.2\plugins\maven\lib\maven3\boot\plexus-classworlds.license
Launcher Type: SUN_STANDARD

[Global flags]
     intx CICompilerCount                          = 4                                         {product} {ergonomic}
     uint ConcGCThreads                            = 2                                         {product} {ergonomic}
     uint G1ConcRefinementThreads                  = 8                                         {product} {ergonomic}
   size_t G1HeapRegionSize                         = 1048576                                   {product} {ergonomic}
    uintx GCDrainStackTargetSize                   = 64                                        {product} {ergonomic}
   size_t InitialHeapSize                          = 132120576                                 {product} {ergonomic}
   size_t MarkStackSize                            = 4194304                                   {product} {ergonomic}
   size_t MaxHeapSize                              = 2090860544                                {product} {ergonomic}
   size_t MaxNewSize                               = 1254096896                                {product} {ergonomic}
   size_t MinHeapDeltaBytes                        = 1048576                                   {product} {ergonomic}
   size_t MinHeapSize                              = 8388608                                   {product} {ergonomic}
    uintx NonNMethodCodeHeapSize                   = 5839372                                {pd product} {ergonomic}
    uintx NonProfiledCodeHeapSize                  = 122909434                              {pd product} {ergonomic}
    uintx ProfiledCodeHeapSize                     = 122909434                              {pd product} {ergonomic}
    uintx ReservedCodeCacheSize                    = 251658240                              {pd product} {ergonomic}
     bool SegmentedCodeCache                       = true                                      {product} {ergonomic}
   size_t SoftMaxHeapSize                          = 2090860544                             {manageable} {ergonomic}
     bool UseCompressedClassPointers               = true                           {product lp64_product} {ergonomic}
     bool UseCompressedOops                        = true                           {product lp64_product} {ergonomic}
     bool UseG1GC                                  = true                                      {product} {ergonomic}
     bool UseLargePagesIndividualAllocation        = false                                  {pd product} {ergonomic}

Logging:
Log output configuration:
 #0: stdout all=warning uptime,level,tags
 #1: stderr all=off uptime,level,tags

Environment Variables:
PATH=C:\Program Files\Common Files\Oracle\Java\javapath;C:\Windows\System32\HWAudioDriverLibs;C:\Windows\system32;C:\Windows;C:\Windows\System32\Wbem;C:\Windows\System32\WindowsPowerShell\v1.0\;C:\Windows\System32\OpenSSH\;C:\Users\Administrator\AppData\Local\Microsoft\WindowsApps;C:\Users\HUAWEI\AppData\Local\Microsoft\WindowsApps;
USERNAME=HUAWEI
OS=Windows_NT
PROCESSOR_IDENTIFIER=Intel64 Family 6 Model 140 Stepping 2, GenuineIntel



---------------  S Y S T E M  ---------------

OS:
 Windows 11 , 64 bit Build 22621 (10.0.22621.2506)
OS uptime: 84 days 2:17 hours

CPU: total 8 (initial active 8) (4 cores per cpu, 2 threads per core) family 6 model 140 stepping 2 microcode 0x16, cx8, cmov, fxsr, ht, mmx, 3dnowpref, sse, sse2, sse3, ssse3, sse4.1, sse4.2, popcnt, lzcnt, tsc, tscinvbit, avx, avx2, aes, erms, clmul, bmi1, bmi2, adx, avx512f, avx512dq, avx512cd, avx512bw, avx512vl, sha, fma, vzeroupper, avx512_vpopcntdq, avx512_vpclmulqdq, avx512_vaes, avx512_vnni, clflush, clflushopt, clwb, avx512_vbmi2, avx512_vbmi

Memory: 4k page, system-wide physical 7975M (443M free)
TotalPageFile size 14409M (AvailPageFile size 8M)
current process WorkingSet (physical memory assigned to process): 212M, peak: 212M
current process commit charge ("private bytes"): 309M, peak: 323M

vm_info: Java HotSpot(TM) 64-Bit Server VM (17.0.11+7-LTS-207) for windows-amd64 JRE (17.0.11+7-LTS-207), built on Mar 11 2024 19:01:50 by "mach5one" with MS VC++ 17.6 (VS2022)

END.
